Arguments: 
  C:\Program Files\nodejs\node.exe C:\Users\mir.la\AppData\Roaming\npm\node_modules\yarn\bin\yarn.js add @styled-icons/bootstrap/SuitHeartFill

PATH: 
  C:\Program Files\Microsoft\jdk-11.0.12.7-hotspot\bin;C:\WINDOWS\system32;C:\WINDOWS;C:\WINDOWS\System32\Wbem;C:\WINDOWS\System32\WindowsPowerShell\v1.0\;C:\WINDOWS\System32\OpenSSH\;C:\Program Files\Git\cmd;C:\Program Files\nodejs\;C:\Program Files\dotnet\;C:\Program Files\Git LFS;C:\Program Files\Perforce\;C:\Program Files (x86)\GitExtensions\;C:\Program Files\Docker\Docker\resources\bin;C:\ProgramData\DockerDesktop\version-bin;C:\Users\mir.la\AppData\Local\Microsoft\WindowsApps;C:\Program Files\JetBrains\WebStorm 2021.2.3\bin;;C:\Program Files\JetBrains\JetBrains Rider 2021.2.2\bin;;C:\Users\mir.la\AppData\Local\Programs\Microsoft VS Code\bin;C:\Users\mir.la\AppData\Roaming\npm;C:\Users\mir.la\.dotnet\tools;C:\Users\mir.la\Documents\vault.exe;;C:\Users\mir.la\WebstormProjects\movies\node_modules\.bin

Yarn version: 
  1.22.17

Node version: 
  16.13.0

Platform: 
  win32 x64

Trace: 
  Error: https://nexus.kontur.host/repository/kontur-npm-group/@emotion%2fcss: Request "https://nexus.kontur.host/repository/kontur-npm-group/@emotion%2fcss" returned a 403
      at Request.params.callback [as _callback] (C:\Users\mir.la\AppData\Roaming\npm\node_modules\yarn\lib\cli.js:67038:18)
      at Request.self.callback (C:\Users\mir.la\AppData\Roaming\npm\node_modules\yarn\lib\cli.js:140883:22)
      at Request.emit (node:events:390:28)
      at Request.<anonymous> (C:\Users\mir.la\AppData\Roaming\npm\node_modules\yarn\lib\cli.js:141855:10)
      at Request.emit (node:events:390:28)
      at Gunzip.<anonymous> (C:\Users\mir.la\AppData\Roaming\npm\node_modules\yarn\lib\cli.js:141777:12)
      at Object.onceWrapper (node:events:509:28)
      at Gunzip.emit (node:events:390:28)
      at endReadableNT (node:internal/streams/readable:1343:12)
      at processTicksAndRejections (node:internal/process/task_queues:83:21)

npm manifest: 
  {
    "name": "next-typescript-template",
    "version": "1.0.0",
    "license": "MIT",
    "private": true,
    "main": "index.js",
    "scripts": {
      "build": "next build ./client",
      "start": "cross-env NODE_ENV=production ts-node server/index.ts",
      "dev": "nodemon server/index.ts",
      "deploy": "yarn build && yarn start",
      "prettify": "prettier --write client/**/*.{ts,tsx}"
    },
    "dependencies": {
      "@emotion/css": "^11.10.0",
      "axios": "^0.21.1",
      "babel-plugin-inline-react-svg": "^2.0.1",
      "babel-plugin-styled-components": "^1.12.0",
      "bulma": "^0.9.4",
      "dotenv": "^10.0.0",
      "express": "^4.17.1",
      "express-session": "^1.17.1",
      "express-ws": "^4.0.0",
      "fs": "0.0.1-security",
      "mobx": "^6.3.0",
      "mobx-react": "^7.1.0",
      "multer": "^1.4.2",
      "next": "^10.2.3",
      "nextjs": "0.0.3",
      "nodemon": "^2.0.7",
      "passport": "^0.6.0",
      "passport-google-oauth": "^2.0.0",
      "pg": "^8.6.0",
      "prettier": "^2.7.1",
      "react": "^17.0.2",
      "react-bulma-components": "^4.1.0",
      "react-dom": "^17.0.2",
      "react-perfect-scrollbar": "^1.5.8",
      "reflect-metadata": "^0.1.13",
      "sequelize": "^6.6.2",
      "sequelize-typescript": "^2.1.0",
      "styled-components": "^5.2.3",
      "ts-node": "10.9.1",
      "typescript": "^4.5.2",
      "uuid": "^8.3.2",
      "ws": "^7.4.5"
    },
    "devDependencies": {
      "@babel/core": "^7.14.0",
      "@babel/plugin-proposal-class-properties": "^7.13.0",
      "@babel/plugin-proposal-decorators": "^7.13.15",
      "@types/express": "^4.17.11",
      "@types/express-session": "^1.17.3",
      "@types/express-ws": "^3.0.0",
      "@types/fluent-ffmpeg": "^2.1.17",
      "@types/multer": "^1.4.5",
      "@types/node": "^15.0.2",
      "@types/passport": "^1.0.6",
      "@types/react": "18.0.1",
      "@types/uuid": "^8.3.0",
      "@types/validator": "^13.1.3",
      "@types/ws": "^7.4.2",
      "@typescript-eslint/eslint-plugin": "^4.22.1",
      "@typescript-eslint/parser": "^4.22.1",
      "cross-env": "^7.0.3",
      "eslint": "^7.25.0",
      "eslint-plugin-import": "^2.22.1",
      "eslint-plugin-react": "^7.23.2",
      "eslint-plugin-react-hooks": "^4.2.0"
    },
    "nodemonConfig": {
      "ignore": [
        "uploads/*",
        "node_modules/*",
        "frontend/*"
      ]
    }
  }

yarn manifest: 
  No manifest

Lockfile: 
  No lockfile
